#
# There is insufficient memory for the Java Runtime Environment to continue.
# Native memory allocation (mmap) failed to map 266338304 bytes for G1 virtual space
# Possible reasons:
#   The system is out of physical RAM or swap space
#   The process is running with CompressedOops enabled, and the Java Heap may be blocking the growth of the native heap
# Possible solutions:
#   Reduce memory load on the system
#   Increase physical memory or swap space
#   Check if swap backing store is full
#   Decrease Java heap size (-Xmx/-Xms)
#   Decrease number of Java threads
#   Decrease Java thread stack sizes (-Xss)
#   Set larger code cache with -XX:ReservedCodeCacheSize=
#   JVM is running with Zero Based Compressed Oops mode in which the Java heap is
#     placed in the first 32GB address space. The Java Heap base address is the
#     maximum limit for the native heap growth. Please use -XX:HeapBaseMinAddress
#     to set the Java Heap base and to place the Java Heap above 32GB virtual address.
# This output file may be truncated or incomplete.
#
#  Out of Memory Error (os_windows.cpp:3617), pid=14664, tid=3264
#
# JRE version:  (17.0.8.1+8) (build )
# Java VM: OpenJDK 64-Bit Server VM (17.0.8.1+8-LTS, mixed mode, sharing, tiered, compressed oops, compressed class ptrs, g1 gc, windows-amd64)
# No core dump will be written. Minidumps are not enabled by default on client versions of Windows
#

---------------  S U M M A R Y ------------

Command Line: -agentlib:jdwp=transport=dt_socket,address=127.0.0.1:51632,suspend=y,server=n -javaagent:C:\Users\Admin\AppData\Local\JetBrains\IdeaIC2023.1\captureAgent\debugger-agent.jar -Dfile.encoding=UTF-8 io.jwt.security.SecurityApplication

Host: Intel(R) Core(TM) i5-10210U CPU @ 1.60GHz, 8 cores, 15G,  Windows 11 , 64 bit Build 22621 (10.0.22621.2215)
Time: Wed Sep 20 19:32:28 2023 India Standard Time elapsed time: 0.377788 seconds (0d 0h 0m 0s)

---------------  T H R E A D  ---------------

Current thread (0x00000192b89fbed0):  JavaThread "Unknown thread" [_thread_in_vm, id=3264, stack(0x00000068e3f00000,0x00000068e4000000)]

Stack: [0x00000068e3f00000,0x00000068e4000000]
Native frames: (J=compiled Java code, j=interpreted, Vv=VM code, C=native code)
V  [jvm.dll+0x64c9da]
V  [jvm.dll+0x800834]
V  [jvm.dll+0x801fee]
V  [jvm.dll+0x802643]
V  [jvm.dll+0x23715b]
V  [jvm.dll+0x64977a]
V  [jvm.dll+0x63e1ca]
V  [jvm.dll+0x2f5e99]
V  [jvm.dll+0x2fd096]
V  [jvm.dll+0x349b7a]
V  [jvm.dll+0x349dbf]
V  [jvm.dll+0x2cc0d8]
V  [jvm.dll+0x2cd069]
V  [jvm.dll+0x7d4491]
V  [jvm.dll+0x357051]
V  [jvm.dll+0x7b485e]
V  [jvm.dll+0x3d45f3]
V  [jvm.dll+0x3d6041]
C  [jli.dll+0x51bf]
C  [ucrtbase.dll+0x29363]
C  [KERNEL32.DLL+0x1257d]
C  [ntdll.dll+0x5aa68]


---------------  P R O C E S S  ---------------

Threads class SMR info:
_java_thread_list=0x00007ff9f180f898, length=0, elements={
}

Java Threads: ( => current thread )

Other Threads:
  0x00000192b8a68580 GCTaskThread "GC Thread#0" [stack: 0x00000068e4000000,0x00000068e4100000] [id=11896]
  0x00000192b8a791d0 ConcurrentGCThread "G1 Main Marker" [stack: 0x00000068e4100000,0x00000068e4200000] [id=18548]
  0x00000192b8a7a420 ConcurrentGCThread "G1 Conc#0" [stack: 0x00000068e4200000,0x00000068e4300000] [id=3372]

[error occurred during error reporting (printing all threads), id 0xc0000005, EXCEPTION_ACCESS_VIOLATION (0xc0000005) at pc=0x00007ff9f0ffd377]

VM state: not at safepoint (not fully initialized)

VM Mutex/Monitor currently owned by a thread:  ([mutex/lock_event])
[0x00000192b89f6d10] Heap_lock - owner thread: 0x00000192b89fbed0

Heap address: 0x0000000703000000, size: 4048 MB, Compressed Oops mode: Zero based, Oop shift amount: 3

CDS archive(s) mapped at: [0x0000000000000000-0x0000000000000000-0x0000000000000000), size 0, SharedBaseAddress: 0x0000000800000000, ArchiveRelocationMode: 1.
Narrow klass base: 0x0000000000000000, Narrow klass shift: 0, Narrow klass range: 0x0

GC Precious Log:
<Empty>

Heap:
 garbage-first heap   total 0K, used 0K [0x0000000703000000, 0x0000000800000000)
  region size 2048K, 0 young (0K), 0 survivors (0K)

[error occurred during error reporting (printing heap information), id 0xc0000005, EXCEPTION_ACCESS_VIOLATION (0xc0000005) at pc=0x00007ff9f13c4bd9]

GC Heap History (0 events):
No events

Dll operation events (2 events):
Event: 0.335 Loaded shared library C:\Users\Admin\.jdks\corretto-17.0.8.1\bin\java.dll
Event: 0.338 Loaded shared library C:\Users\Admin\.jdks\corretto-17.0.8.1\bin\zip.dll

Deoptimization events (0 events):
No events

Classes unloaded (0 events):
No events

Classes redefined (0 events):
No events

Internal exceptions (0 events):
No events

VM Operations (0 events):
No events

Events (0 events):
No events


Dynamic libraries:
0x00007ff6907f0000 - 0x00007ff6907fd000 	C:\Users\Admin\.jdks\corretto-17.0.8.1\bin\java.exe
0x00007ffa5a030000 - 0x00007ffa5a244000 	C:\Windows\SYSTEM32\ntdll.dll
0x00007ffa58cf0000 - 0x00007ffa58db4000 	C:\Windows\System32\KERNEL32.DLL
0x00007ffa57790000 - 0x00007ffa57b34000 	C:\Windows\System32\KERNELBASE.dll
0x00007ffa57410000 - 0x00007ffa57521000 	C:\Windows\System32\ucrtbase.dll
0x00007ffa35090000 - 0x00007ffa350a5000 	C:\Users\Admin\.jdks\corretto-17.0.8.1\bin\VCRUNTIME140.dll
0x00007ffa2e100000 - 0x00007ffa2e117000 	C:\Users\Admin\.jdks\corretto-17.0.8.1\bin\jli.dll
0x00007ffa585a0000 - 0x00007ffa5874e000 	C:\Windows\System32\USER32.dll
0x00007ffa573e0000 - 0x00007ffa57406000 	C:\Windows\System32\win32u.dll
0x00007ffa35700000 - 0x00007ffa35993000 	C:\Windows\WinSxS\amd64_microsoft.windows.common-controls_6595b64144ccf1df_6.0.22621.2215_none_270d72677387dfc3\COMCTL32.dll
0x00007ffa58dc0000 - 0x00007ffa58de9000 	C:\Windows\System32\GDI32.dll
0x00007ffa57b40000 - 0x00007ffa57c58000 	C:\Windows\System32\gdi32full.dll
0x00007ffa57d20000 - 0x00007ffa57dba000 	C:\Windows\System32\msvcp_win.dll
0x00007ffa58c40000 - 0x00007ffa58ce7000 	C:\Windows\System32\msvcrt.dll
0x00007ffa59100000 - 0x00007ffa59131000 	C:\Windows\System32\IMM32.DLL
0x00007ffa0db90000 - 0x00007ffa0dc2b000 	C:\Users\Admin\.jdks\corretto-17.0.8.1\bin\msvcp140.dll
0x00007ff9f0d20000 - 0x00007ff9f193d000 	C:\Users\Admin\.jdks\corretto-17.0.8.1\bin\server\jvm.dll
0x00007ffa59f40000 - 0x00007ffa59ff0000 	C:\Windows\System32\ADVAPI32.dll
0x00007ffa59040000 - 0x00007ffa590e6000 	C:\Windows\System32\sechost.dll
0x00007ffa57e70000 - 0x00007ffa57f87000 	C:\Windows\System32\RPCRT4.dll
0x00007ffa30c10000 - 0x00007ffa30c19000 	C:\Windows\SYSTEM32\WSOCK32.dll
0x00007ffa56990000 - 0x00007ffa569dd000 	C:\Windows\SYSTEM32\POWRPROF.dll
0x00007ffa4f430000 - 0x00007ffa4f464000 	C:\Windows\SYSTEM32\WINMM.dll
0x00007ffa4f3e0000 - 0x00007ffa4f3ea000 	C:\Windows\SYSTEM32\VERSION.dll
0x00007ffa58240000 - 0x00007ffa582b1000 	C:\Windows\System32\WS2_32.dll
0x00007ffa56900000 - 0x00007ffa56913000 	C:\Windows\SYSTEM32\UMPDC.dll
0x00007ffa563a0000 - 0x00007ffa563b8000 	C:\Windows\SYSTEM32\kernel.appcore.dll
0x00007ffa36340000 - 0x00007ffa3634a000 	C:\Users\Admin\.jdks\corretto-17.0.8.1\bin\jimage.dll
0x00007ffa3e220000 - 0x00007ffa3e44e000 	C:\Windows\SYSTEM32\DBGHELP.DLL
0x00007ffa591b0000 - 0x00007ffa5953a000 	C:\Windows\System32\combase.dll
0x00007ffa58160000 - 0x00007ffa58237000 	C:\Windows\System32\OLEAUT32.dll
0x00007ffa33c20000 - 0x00007ffa33c52000 	C:\Windows\SYSTEM32\dbgcore.DLL
0x00007ffa57530000 - 0x00007ffa575aa000 	C:\Windows\System32\bcryptPrimitives.dll
0x00007ffa364d0000 - 0x00007ffa36509000 	C:\Users\Admin\.jdks\corretto-17.0.8.1\bin\jdwp.dll
0x00007ffa4fda0000 - 0x00007ffa4fdae000 	C:\Users\Admin\.jdks\corretto-17.0.8.1\bin\instrument.dll
0x00007ffa27440000 - 0x00007ffa27465000 	C:\Users\Admin\.jdks\corretto-17.0.8.1\bin\java.dll
0x00007ffa25bf0000 - 0x00007ffa25c08000 	C:\Users\Admin\.jdks\corretto-17.0.8.1\bin\zip.dll

dbghelp: loaded successfully - version: 4.0.5 - missing functions: none
symbol engine: initialized successfully - sym options: 0x614 - pdb path: .;C:\Users\Admin\.jdks\corretto-17.0.8.1\bin;C:\Windows\SYSTEM32;C:\Windows\WinSxS\amd64_microsoft.windows.common-controls_6595b64144ccf1df_6.0.22621.2215_none_270d72677387dfc3;C:\Users\Admin\.jdks\corretto-17.0.8.1\bin\server

VM Arguments:
jvm_args: -agentlib:jdwp=transport=dt_socket,address=127.0.0.1:51632,suspend=y,server=n -javaagent:C:\Users\Admin\AppData\Local\JetBrains\IdeaIC2023.1\captureAgent\debugger-agent.jar -Dfile.encoding=UTF-8 
java_command: io.jwt.security.SecurityApplication
java_class_path (initial): F:\full-stack\jwt\security\target\classes;C:\Users\Admin\.m2\repository\org\springframework\boot\spring-boot-starter-data-jpa\3.1.3\spring-boot-starter-data-jpa-3.1.3.jar;C:\Users\Admin\.m2\repository\org\springframework\boot\spring-boot-starter-aop\3.1.3\spring-boot-starter-aop-3.1.3.jar;C:\Users\Admin\.m2\repository\org\aspectj\aspectjweaver\1.9.20\aspectjweaver-1.9.20.jar;C:\Users\Admin\.m2\repository\org\springframework\boot\spring-boot-starter-jdbc\3.1.3\spring-boot-starter-jdbc-3.1.3.jar;C:\Users\Admin\.m2\repository\com\zaxxer\HikariCP\5.0.1\HikariCP-5.0.1.jar;C:\Users\Admin\.m2\repository\org\springframework\spring-jdbc\6.0.11\spring-jdbc-6.0.11.jar;C:\Users\Admin\.m2\repository\org\hibernate\orm\hibernate-core\6.2.7.Final\hibernate-core-6.2.7.Final.jar;C:\Users\Admin\.m2\repository\jakarta\persistence\jakarta.persistence-api\3.1.0\jakarta.persistence-api-3.1.0.jar;C:\Users\Admin\.m2\repository\jakarta\transaction\jakarta.transaction-api\2.0.1\jakarta.transaction-api-2.0.1.jar;C:\Users\Admin\.m2\repository\org\jboss\logging\jboss-logging\3.5.3.Final\jboss-logging-3.5.3.Final.jar;C:\Users\Admin\.m2\repository\org\hibernate\common\hibernate-commons-annotations\6.0.6.Final\hibernate-commons-annotations-6.0.6.Final.jar;C:\Users\Admin\.m2\repository\io\smallrye\jandex\3.0.5\jandex-3.0.5.jar;C:\Users\Admin\.m2\repository\com\fasterxml\classmate\1.5.1\classmate-1.5.1.jar;C:\Users\Admin\.m2\repository\net\bytebuddy\byte-buddy\1.14.6\byte-buddy-1.14.6.jar;C:\Users\Admin\.m2\repository\org\glassfish\jaxb\jaxb-runtime\4.0.3\jaxb-runtime-4.0.3.jar;C:\Users\Admin\.m2\repository\org\glassfish\jaxb\jaxb-core\4.0.3\jaxb-core-4.0.3.jar;C:\Users\Admin\.m2\repository\org\eclipse\angus\angus-activation\2.0.1\angus-activation-2.0.1.jar;C:\Users\Admin\.m2\repository\org\glassfish\jaxb\txw2\4.0.3\txw2-4.0.3.jar;C:\Users\Admin\.m2\repository\com\sun\istack\istack-commons-runtime\4.1.2\istack-commons-runtime-4.1.2.jar;C:\Users\Admin\.m2\repository\jakart
Launcher Type: SUN_STANDARD

[Global flags]
     intx CICompilerCount                          = 4                                         {product} {ergonomic}
     uint ConcGCThreads                            = 2                                         {product} {ergonomic}
     uint G1ConcRefinementThreads                  = 8                                         {product} {ergonomic}
   size_t G1HeapRegionSize                         = 2097152                                   {product} {ergonomic}
    uintx GCDrainStackTargetSize                   = 64                                        {product} {ergonomic}
   size_t InitialHeapSize                          = 266338304                                 {product} {ergonomic}
   size_t MarkStackSize                            = 4194304                                   {product} {ergonomic}
   size_t MaxHeapSize                              = 4244635648                                {product} {ergonomic}
   size_t MinHeapDeltaBytes                        = 2097152                                   {product} {ergonomic}
   size_t MinHeapSize                              = 8388608                                   {product} {ergonomic}
    uintx NonNMethodCodeHeapSize                   = 5839372                                {pd product} {ergonomic}
    uintx NonProfiledCodeHeapSize                  = 122909434                              {pd product} {ergonomic}
    uintx ProfiledCodeHeapSize                     = 122909434                              {pd product} {ergonomic}
    uintx ReservedCodeCacheSize                    = 251658240                              {pd product} {ergonomic}
     bool SegmentedCodeCache                       = true                                      {product} {ergonomic}
   size_t SoftMaxHeapSize                          = 4244635648                             {manageable} {ergonomic}
     bool UseCompressedClassPointers               = true                           {product lp64_product} {ergonomic}
     bool UseCompressedOops                        = true                           {product lp64_product} {ergonomic}
     bool UseG1GC                                  = true                                      {product} {ergonomic}
     bool UseLargePagesIndividualAllocation        = false                                  {pd product} {ergonomic}

Logging:
Log output configuration:
 #0: stdout all=warning uptime,level,tags
 #1: stderr all=off uptime,level,tags

Environment Variables:
JAVA_HOME=C:\Program Files\Java\jdk-11.0.17
PATH=C:\Program Files\Common Files\Oracle\Java\javapath;C:\Program Files (x86)\Common Files\Oracle\Java\javapath;C:\Windows\system32;C:\Windows;C:\Windows\System32\Wbem;C:\Windows\System32\WindowsPowerShell\v1.0\;C:\Windows\System32\OpenSSH\;C:\Program Files\Java\jdk-11.0.17\bin;C:\Program Files\Java\jdk1.8.0_361\bin;C:\Program Files\Microsoft SQL Server\Client SDK\ODBC\170\Tools\Binn\;C:\Program Files\PostgreSQL\15\bin;C:\Program Files\Git\cmd;C:\Program Files\MySQL\MySQL Server 8.0\bin;C:\Program Files\Cloudflare\Cloudflare WARP\;C:\Program Files\nodejs\;C:\ProgramData\chocolatey\bin;C:\Program Files\kube;C:\Program Files\nodejs;C:\Program Files\Docker\Docker\resources\bin;C:\minikube;C:\Program Files\MySQL\MySQL Shell 8.0\bin\;C:\Users\Admin\AppData\Local\Microsoft\WindowsApps;C:\Program Files\JetBrains\IntelliJ IDEA Community Edition 2022.3.2\bin;C:\Program Files\Java\jdk-11.0.17\bin;C:\Program Files\Java\jdk1.8.0_361\bin;C:\Users\Admin\AppData\Local\gitkraken\bin;C:\Users\Admin\AppData\Local\Programs\Microsoft VS Code\bin;C:\Users\Admin\AppData\Local\Programs\Fiddler;C:\Users\Admin\AppData\Local\JetBrains\CLion 2023.1.3\bin;;C:\Program Files\apache-maven-3.9.1\apache-maven-3.9.3\bin;C:\Users\Admin\AppData\Roaming\npm;C:\Program Files\kube;C:\minikube;
USERNAME=Admin
OS=Windows_NT
PROCESSOR_IDENTIFIER=Intel64 Family 6 Model 142 Stepping 12, GenuineIntel
TMP=C:\Users\Admin\AppData\Local\Temp
TEMP=C:\Users\Admin\AppData\Local\Temp



---------------  S Y S T E M  ---------------

OS:
 Windows 11 , 64 bit Build 22621 (10.0.22621.2215)
OS uptime: 0 days 23:38 hours
Hyper-V role detected

CPU: total 8 (initial active 8) (4 cores per cpu, 2 threads per core) family 6 model 142 stepping 12 microcode 0xf4, cx8, cmov, fxsr, ht, mmx, 3dnowpref, sse, sse2, sse3, ssse3, sse4.1, sse4.2, popcnt, lzcnt, tsc, tscinvbit, avx, avx2, aes, erms, clmul, bmi1, bmi2, adx, fma, vzeroupper, clflush, clflushopt, hv
Processor Information for all 8 processors :
  Max Mhz: 2112, Current Mhz: 1609, Mhz Limit: 1605

Memory: 4k page, system-wide physical 16187M (3826M free)
TotalPageFile size 55899M (AvailPageFile size 165M)
current process WorkingSet (physical memory assigned to process): 11M, peak: 11M
current process commit charge ("private bytes"): 60M, peak: 314M

vm_info: OpenJDK 64-Bit Server VM (17.0.8.1+8-LTS) for windows-amd64 JRE (17.0.8.1+8-LTS), built on Aug 19 2023 03:47:39 by "Administrator" with MS VC++ 15.9 (VS2017)

END.
